[2024-08-23 12:04:17.788] [info]  started
[2024-08-23 12:08:07.796] [info]  started
[2024-08-23 12:17:18.548] [info]  started
[2024-08-23 12:17:18.552] [info]  App Verein 1.0.1
[2024-08-23 12:18:06.007] [info]  checking-for-updates...
[2024-08-23 12:18:06.011] [info]  started
[2024-08-23 12:18:06.012] [info]  App Verein 1.0.1
[2024-08-23 12:18:08.641] [info]  no updates avaliable
[2024-08-23 12:26:18.998] [info]  checking-for-updates...
[2024-08-23 12:26:19.002] [info]  started
[2024-08-23 12:26:19.003] [info]  App Verein 1.0.1
[2024-08-23 12:26:21.786] [info]  Update available.
[2024-08-23 12:26:25.289] [info]  downloaded [object Object]
[2024-08-23 12:26:25.290] [info]  downloaded [object Object]
[2024-08-23 12:26:25.617] [info]  downloaded [object Object]
[2024-08-23 12:26:26.694] [info]  downloaded [object Object]
[2024-08-23 12:26:28.232] [info]  downloaded [object Object]
[2024-08-23 12:26:28.298] [info]  downloaded [object Object]
[2024-08-23 12:26:30.776] [info]  downloaded [object Object]
[2024-08-23 12:26:30.783] [info]  downloaded [object Object]
[2024-08-23 12:26:33.172] [info]  downloaded [object Object]
[2024-08-23 12:26:34.167] [info]  downloaded [object Object]
[2024-08-23 12:26:34.177] [info]  downloaded [object Object]
[2024-08-23 12:26:36.653] [info]  downloaded [object Object]
[2024-08-23 12:26:37.657] [info]  downloaded [object Object]
[2024-08-23 12:26:38.665] [info]  downloaded [object Object]
[2024-08-23 12:26:39.676] [info]  downloaded [object Object]
[2024-08-23 12:26:40.678] [info]  downloaded [object Object]
[2024-08-23 12:26:41.682] [info]  downloaded [object Object]
[2024-08-23 12:26:42.686] [info]  downloaded [object Object]
[2024-08-23 12:26:43.689] [info]  downloaded [object Object]
[2024-08-23 12:26:44.694] [info]  downloaded [object Object]
[2024-08-23 12:26:45.694] [info]  downloaded [object Object]
[2024-08-23 12:26:46.702] [info]  downloaded [object Object]
[2024-08-23 12:26:47.706] [info]  downloaded [object Object]
[2024-08-23 12:26:48.722] [info]  downloaded [object Object]
[2024-08-23 12:26:49.728] [info]  downloaded [object Object]
[2024-08-23 12:26:50.738] [info]  downloaded [object Object]
[2024-08-23 12:26:51.751] [info]  downloaded [object Object]
[2024-08-23 12:26:52.758] [info]  downloaded [object Object]
[2024-08-23 12:26:53.760] [info]  downloaded [object Object]
[2024-08-23 12:26:54.765] [info]  downloaded [object Object]
[2024-08-23 12:26:55.767] [info]  downloaded [object Object]
[2024-08-23 12:26:56.802] [info]  downloaded [object Object]
[2024-08-23 12:26:57.810] [info]  downloaded [object Object]
[2024-08-23 12:26:58.818] [info]  downloaded [object Object]
[2024-08-23 12:26:59.833] [info]  downloaded [object Object]
[2024-08-23 12:27:00.852] [info]  downloaded [object Object]
[2024-08-23 12:27:01.863] [info]  downloaded [object Object]
[2024-08-23 12:27:02.868] [info]  downloaded [object Object]
[2024-08-23 12:27:03.869] [info]  downloaded [object Object]
[2024-08-23 12:27:04.884] [info]  downloaded [object Object]
[2024-08-23 12:27:05.900] [info]  downloaded [object Object]
[2024-08-23 12:27:06.914] [info]  downloaded [object Object]
[2024-08-23 12:27:07.923] [info]  downloaded [object Object]
[2024-08-23 12:27:08.924] [info]  downloaded [object Object]
[2024-08-23 12:27:09.924] [info]  downloaded [object Object]
[2024-08-23 12:27:10.924] [info]  downloaded [object Object]
[2024-08-23 12:27:11.931] [info]  downloaded [object Object]
[2024-08-23 12:27:12.934] [info]  downloaded [object Object]
[2024-08-23 12:27:13.936] [info]  downloaded [object Object]
[2024-08-23 12:27:14.944] [info]  downloaded [object Object]
[2024-08-23 12:27:15.957] [info]  downloaded [object Object]
[2024-08-23 12:27:16.959] [info]  downloaded [object Object]
[2024-08-23 12:27:17.964] [info]  downloaded [object Object]
[2024-08-23 12:27:18.976] [info]  downloaded [object Object]
[2024-08-23 12:27:19.987] [info]  downloaded [object Object]
[2024-08-23 12:27:20.987] [info]  downloaded [object Object]
[2024-08-23 12:27:21.994] [info]  downloaded [object Object]
[2024-08-23 12:27:22.998] [info]  downloaded [object Object]
[2024-08-23 12:27:24.012] [info]  downloaded [object Object]
[2024-08-23 12:27:25.020] [info]  downloaded [object Object]
[2024-08-23 12:27:26.020] [info]  downloaded [object Object]
[2024-08-23 12:27:27.027] [info]  downloaded [object Object]
[2024-08-23 12:27:27.428] [info]  downloaded [object Object]
[2024-08-23 12:27:27.433] [info]  Error in auto-updater: ReferenceError: dialog is not defined
    at NsisUpdater.<anonymous> (C:\Program Files\electorn-app\resources\app.asar\index.js:50:20)
    at NsisUpdater.emit (node:events:519:28)
    at NsisUpdater.dispatchUpdateDownloaded (C:\Program Files\electorn-app\resources\app.asar\node_modules\electron-updater\out\AppUpdater.js:411:14)
    at Object.done (C:\Program Files\electorn-app\resources\app.asar\node_modules\electron-updater\out\BaseUpdater.js:31:22)
    at done (C:\Program Files\electorn-app\resources\app.asar\node_modules\electron-updater\out\AppUpdater.js:523:31)
    at async NsisUpdater.executeDownload (C:\Program Files\electorn-app\resources\app.asar\node_modules\electron-updater\out\AppUpdater.js:557:16)
[2024-08-23 12:37:59.526] [info]  checking-for-updates...
[2024-08-23 12:37:59.530] [info]  started
[2024-08-23 12:37:59.530] [info]  App Verein 1.0.1
[2024-08-23 12:38:01.435] [info]  Update available.
[2024-08-23 12:38:30.061] [info]  checking-for-updates...
[2024-08-23 12:38:30.065] [info]  started
[2024-08-23 12:38:30.066] [info]  App Verein 1.0.2
[2024-08-23 12:38:32.480] [info]  no updates avaliable
[2024-08-23 12:45:42.014] [info]  checking-for-updates...
[2024-08-23 12:45:42.018] [info]  started
[2024-08-23 12:45:42.019] [info]  App Verein 1.0.2
[2024-08-23 12:45:44.792] [info]  Update available.
[2024-08-23 12:45:49.003] [info]  downloaded [object Object]
[2024-08-23 12:45:49.008] [info]  downloaded [object Object]
[2024-08-23 12:45:50.149] [info]  downloaded [object Object]
[2024-08-23 12:45:50.156] [info]  downloaded [object Object]
[2024-08-23 12:45:51.255] [info]  downloaded [object Object]
[2024-08-23 12:45:51.257] [info]  downloaded [object Object]
[2024-08-23 12:45:52.716] [info]  downloaded [object Object]
[2024-08-23 12:45:52.778] [info]  downloaded [object Object]
[2024-08-23 12:45:54.817] [info]  downloaded [object Object]
[2024-08-23 12:45:54.829] [info]  downloaded [object Object]
[2024-08-23 12:45:56.634] [info]  downloaded [object Object]
[2024-08-23 12:45:56.957] [info]  downloaded [object Object]
[2024-08-23 12:45:56.970] [info]  downloaded [object Object]
[2024-08-23 12:45:57.275] [info]  Error in auto-updater: ReferenceError: dialog is not defined
    at NsisUpdater.<anonymous> (C:\Program Files\electorn-app\resources\app.asar\index.js:50:20)
    at NsisUpdater.emit (node:events:519:28)
    at NsisUpdater.dispatchUpdateDownloaded (C:\Program Files\electorn-app\resources\app.asar\node_modules\electron-updater\out\AppUpdater.js:411:14)
    at Object.done (C:\Program Files\electorn-app\resources\app.asar\node_modules\electron-updater\out\BaseUpdater.js:31:22)
    at done (C:\Program Files\electorn-app\resources\app.asar\node_modules\electron-updater\out\AppUpdater.js:523:31)
    at async NsisUpdater.executeDownload (C:\Program Files\electorn-app\resources\app.asar\node_modules\electron-updater\out\AppUpdater.js:557:16)
[2024-08-23 12:48:01.210] [info]  checking-for-updates...
[2024-08-23 12:48:01.213] [info]  started
[2024-08-23 12:48:01.214] [info]  App Verein 1.0.3
[2024-08-23 12:48:04.250] [info]  no updates avaliable
[2024-08-23 12:54:12.422] [info]  checking-for-updates...
[2024-08-23 12:54:12.426] [info]  started
[2024-08-23 12:54:12.427] [info]  App Verein 1.0.3
[2024-08-23 12:54:15.285] [info]  Update available.
[2024-08-23 12:54:18.602] [info]  downloaded [object Object]
[2024-08-23 12:54:18.608] [info]  downloaded [object Object]
[2024-08-23 12:54:19.605] [info]  downloaded [object Object]
[2024-08-23 12:54:19.607] [info]  downloaded [object Object]
[2024-08-23 12:54:21.074] [info]  downloaded [object Object]
[2024-08-23 12:54:21.142] [info]  downloaded [object Object]
[2024-08-23 12:54:23.224] [info]  downloaded [object Object]
[2024-08-23 12:54:23.234] [info]  downloaded [object Object]
[2024-08-23 12:54:25.959] [info]  downloaded [object Object]
[2024-08-23 12:54:26.964] [info]  downloaded [object Object]
[2024-08-23 12:54:26.976] [info]  downloaded [object Object]
[2024-08-23 12:54:28.018] [info]  downloaded [object Object]
[2024-08-23 12:54:50.643] [info]  checking-for-updates...
[2024-08-23 12:54:50.646] [info]  started
[2024-08-23 12:54:50.647] [info]  App Verein 1.0.4
[2024-08-23 12:54:53.071] [info]  no updates avaliable
[2024-08-23 12:55:13.279] [info]  checking-for-updates...
[2024-08-23 12:55:13.283] [info]  started
[2024-08-23 12:55:13.289] [info]  App Verein 1.0.4
[2024-08-23 12:55:15.479] [info]  no updates avaliable
[2024-08-23 12:59:14.001] [info]  checking-for-updates...
[2024-08-23 12:59:14.005] [info]  started
[2024-08-23 12:59:14.006] [info]  App Verein 1.0.4
[2024-08-23 12:59:17.469] [info]  Update available.
[2024-08-23 12:59:21.026] [info]  downloaded [object Object]
[2024-08-23 12:59:22.246] [info]  downloaded [object Object]
[2024-08-23 12:59:22.253] [info]  downloaded [object Object]
[2024-08-23 12:59:23.282] [info]  downloaded [object Object]
[2024-08-23 12:59:23.294] [info]  downloaded [object Object]
[2024-08-23 12:59:25.007] [info]  downloaded [object Object]
[2024-08-23 12:59:25.175] [info]  downloaded [object Object]
[2024-08-23 12:59:27.134] [info]  downloaded [object Object]
[2024-08-23 12:59:27.176] [info]  downloaded [object Object]
[2024-08-23 12:59:28.947] [info]  downloaded [object Object]
[2024-08-23 12:59:30.092] [info]  downloaded [object Object]
[2024-08-23 12:59:30.226] [info]  downloaded [object Object]
[2024-08-23 12:59:58.981] [info]  checking-for-updates...
[2024-08-23 12:59:58.986] [info]  started
[2024-08-23 12:59:58.987] [info]  App Verein 1.0.4
[2024-08-23 13:00:01.288] [info]  Update available.
[2024-08-23 13:00:45.206] [info]  checking-for-updates...
[2024-08-23 13:00:45.211] [info]  started
[2024-08-23 13:00:45.216] [info]  App Verein 1.0.4
[2024-08-23 13:00:47.464] [info]  Update available.
[2024-08-23 13:01:13.662] [info]  checking-for-updates...
[2024-08-23 13:01:13.666] [info]  started
[2024-08-23 13:01:13.667] [info]  App Verein 1.0.5
[2024-08-23 13:01:16.361] [info]  no updates avaliable
